<?xml version="1.0" encoding="UTF-8"?>
<robot generator="Robot 6.0.1 (Python 3.10.4 on win32)" generated="20221209 00:40:35.273" rpa="false" schemaversion="3">
<suite id="s1" name="Socks" source="C:\Users\rtrob\PycharmProjects\socks\Tests\socks.robot">
<test id="s1-t1" name="Verify basic search functionality" line="17">
<kw name="Start TestCase" library="Common" type="SETUP">
<kw name="Open Browser" library="SeleniumLibrary">
<arg>https://www.amazon.com</arg>
<arg>chrome</arg>
<doc>Opens a new browser instance to the optional ``url``.</doc>
<msg timestamp="20221209 00:40:35.884" level="INFO">Opening browser 'chrome' to base url 'https://www.amazon.com'.</msg>
<status status="PASS" starttime="20221209 00:40:35.884" endtime="20221209 00:40:39.569"/>
</kw>
<kw name="Maximize Browser Window" library="SeleniumLibrary">
<doc>Maximizes current browser window.</doc>
<status status="PASS" starttime="20221209 00:40:39.569" endtime="20221209 00:40:39.688"/>
</kw>
<status status="PASS" starttime="20221209 00:40:35.883" endtime="20221209 00:40:39.688"/>
</kw>
<kw name="Input Search Text and Click Search Button" library="Search">
<kw name="Input Text" library="SeleniumLibrary">
<arg>${SearchTextBox}</arg>
<arg>${search_text}</arg>
<doc>Types the given ``text`` into the text field identified by ``locator``.</doc>
<msg timestamp="20221209 00:40:39.690" level="INFO">Typing text 'socks' into text field 'id:twotabsearchtextbox'.</msg>
<status status="PASS" starttime="20221209 00:40:39.689" endtime="20221209 00:40:39.779"/>
</kw>
<kw name="Click Button" library="SeleniumLibrary">
<arg>${SearchButton}</arg>
<doc>Clicks the button identified by ``locator``.</doc>
<msg timestamp="20221209 00:40:39.780" level="INFO">Clicking button 'id:nav-search-submit-button'.</msg>
<status status="PASS" starttime="20221209 00:40:39.779" endtime="20221209 00:40:41.799"/>
</kw>
<status status="PASS" starttime="20221209 00:40:39.689" endtime="20221209 00:40:41.799"/>
</kw>
<kw name="Verify Search Results" library="SearchResults">
<kw name="Page Should Contain" library="SeleniumLibrary">
<arg>${search_result} "${search_text}"</arg>
<doc>Verifies that current page contains ``text``.</doc>
<msg timestamp="20221209 00:40:41.830" level="INFO">Current page contains text 'results for "socks"'.</msg>
<status status="PASS" starttime="20221209 00:40:41.800" endtime="20221209 00:40:41.831"/>
</kw>
<status status="PASS" starttime="20221209 00:40:41.799" endtime="20221209 00:40:41.831"/>
</kw>
<kw name="Finish TestCase" library="Common" type="TEARDOWN">
<kw name="Close Browser" library="SeleniumLibrary">
<doc>Closes the current browser.</doc>
<status status="PASS" starttime="20221209 00:40:41.832" endtime="20221209 00:40:43.948"/>
</kw>
<status status="PASS" starttime="20221209 00:40:41.831" endtime="20221209 00:40:43.949"/>
</kw>
<doc>Amazon test</doc>
<tag>Functional</tag>
<status status="PASS" starttime="20221209 00:40:35.881" endtime="20221209 00:40:43.949"/>
</test>
<doc>Basic Search Functionality</doc>
<status status="PASS" starttime="20221209 00:40:35.275" endtime="20221209 00:40:43.950"/>
</suite>
<statistics>
<total>
<stat pass="1" fail="0" skip="0">All Tests</stat>
</total>
<tag>
<stat pass="1" fail="0" skip="0">Functional</stat>
</tag>
<suite>
<stat pass="1" fail="0" skip="0" id="s1" name="Socks">Socks</stat>
</suite>
</statistics>
<errors>
<msg timestamp="20221209 00:40:35.289" level="WARN">Imported resource file 'C:\Users\rtrob\PycharmProjects\socks\Resources\PageObjects\Cart.robot' is empty.</msg>
<msg timestamp="20221209 00:40:35.421" level="ERROR">Error in file 'C:\Users\rtrob\PycharmProjects\socks\Tests\socks.robot' on line 5: Error in file 'C:\Users\rtrob\PycharmProjects\socks\Resources\PageObjects\Login.robot' on line 7: Resource file with 'Test Cases' section is invalid.</msg>
<msg timestamp="20221209 00:40:35.422" level="WARN">Imported resource file 'C:\Users\rtrob\PycharmProjects\socks\Resources\PageObjects\Product.robot' is empty.</msg>
<msg timestamp="20221209 00:40:35.879" level="ERROR">[ DataDriver ] Error in robot file:
  File "C:\Users\rtrob\PycharmProjects\socks\Tests\socks.robot", line 0</msg>
<msg timestamp="20221209 00:40:35.879" level="ERROR">In source file:
  File "C:\Users\rtrob\PycharmProjects\socks\Tests\../Resources/TestData/TestData.xlsx", line 0</msg>
<msg timestamp="20221209 00:40:35.880" level="ERROR">Calling method '_start_suite' of listener 'DataDriver' failed: AttributeError: No "Test Template" keyword found for first test case.</msg>
</errors>
</robot>
